<?xml version="1.0" encoding="UTF-8"?>
<testng-results skipped="0" failed="1" total="1" passed="0">
  <reporter-output>
  </reporter-output>
  <suite name="Default suite" duration-ms="186" started-at="2016-03-30T15:54:54Z" finished-at="2016-03-30T15:54:54Z">
    <groups>
      <group name="checkintest">
        <method signature="FileBookHandlerTest.testWritingBooksToFile()[pri:0, instance:com.epam.file.FileBookHandlerTest@45c8e616]" name="testWritingBooksToFile" class="com.epam.file.FileBookHandlerTest"/>
      </group> <!-- checkintest -->
    </groups>
    <test name="Default test" duration-ms="186" started-at="2016-03-30T15:54:54Z" finished-at="2016-03-30T15:54:54Z">
      <class name="com.epam.file.FileBookHandlerTest">
        <test-method status="FAIL" signature="testWritingBooksToFile()[pri:0, instance:com.epam.file.FileBookHandlerTest@45c8e616]" name="testWritingBooksToFile" duration-ms="166" started-at="2016-03-30T17:54:54Z" finished-at="2016-03-30T17:54:54Z">
          <exception class="java.lang.NullPointerException">
            <full-stacktrace>
              <![CDATA[java.lang.NullPointerException
	at com.epam.file.FileBookHandler.loadFile(FileBookHandler.java:30)
	at com.epam.file.FileBookHandler.<init>(FileBookHandler.java:21)
	at com.epam.file.FileBookHandlerTest.testWritingBooksToFile(FileBookHandlerTest.java:18)
	at sun.reflect.NativeMethodAccessorImpl.invoke0(Native Method)
	at sun.reflect.NativeMethodAccessorImpl.invoke(NativeMethodAccessorImpl.java:62)
	at sun.reflect.DelegatingMethodAccessorImpl.invoke(DelegatingMethodAccessorImpl.java:43)
	at java.lang.reflect.Method.invoke(Method.java:498)
	at org.testng.internal.MethodInvocationHelper.invokeMethod(MethodInvocationHelper.java:80)
	at org.testng.internal.Invoker.invokeMethod(Invoker.java:714)
	at org.testng.internal.Invoker.invokeTestMethod(Invoker.java:901)
	at org.testng.internal.Invoker.invokeTestMethods(Invoker.java:1231)
	at org.testng.internal.TestMethodWorker.invokeTestMethods(TestMethodWorker.java:127)
	at org.testng.internal.TestMethodWorker.run(TestMethodWorker.java:111)
	at org.testng.TestRunner.privateRun(TestRunner.java:767)
	at org.testng.TestRunner.run(TestRunner.java:617)
	at org.testng.SuiteRunner.runTest(SuiteRunner.java:334)
	at org.testng.SuiteRunner.runSequentially(SuiteRunner.java:329)
	at org.testng.SuiteRunner.privateRun(SuiteRunner.java:291)
	at org.testng.SuiteRunner.run(SuiteRunner.java:240)
	at org.testng.SuiteRunnerWorker.runSuite(SuiteRunnerWorker.java:52)
	at org.testng.SuiteRunnerWorker.run(SuiteRunnerWorker.java:86)
	at org.testng.TestNG.runSuitesSequentially(TestNG.java:1198)
	at org.testng.TestNG.runSuitesLocally(TestNG.java:1123)
	at org.testng.TestNG.run(TestNG.java:1031)
	at org.testng.remote.RemoteTestNG.run(RemoteTestNG.java:115)
	at org.testng.remote.RemoteTestNG.initAndRun(RemoteTestNG.java:207)
	at org.testng.remote.RemoteTestNG.main(RemoteTestNG.java:178)
]]>
            </full-stacktrace>
          </exception> <!-- java.lang.NullPointerException -->
          <reporter-output>
          </reporter-output>
        </test-method> <!-- testWritingBooksToFile -->
      </class> <!-- com.epam.file.FileBookHandlerTest -->
    </test> <!-- Default test -->
  </suite> <!-- Default suite -->
</testng-results>
