<?xml version="1.0" encoding="UTF-8"?>
<!-- Generated by org.testng.reporters.JUnitXMLReporter -->
<testsuite hostname="michalr-VirtualBox" name="GRP-checkintest" tests="5" failures="0" timestamp="30 Mar 2016 12:26:19 GMT" time="0.164" errors="0">
  <testcase name="ifPutUrlItRemoveSlashes" time="0.141" classname="com.epam.file.LinkTest"/>
  <testcase name="testIfTwoDifferentLinksAreNotEqual" time="0.001" classname="com.epam.file.LinkTest"/>
  <testcase name="testIfTwoPartiallySameLinksAreNotEqual" time="0.0" classname="com.epam.file.LinkTest"/>
  <testcase name="testIfTwoSameLinksAreEqual" time="0.0" classname="com.epam.file.LinkTest"/>
  <testcase name="testSameHashCodeForSameObjects" time="0.0" classname="com.epam.file.LinkTest"/>
</testsuite> <!-- GRP-checkintest -->
